

Started GET "/" for ::1 at 2016-01-20 13:18:03 -0800

Mysql2::Error (Access denied for user 'forge_dev'@'%' to database 'forge_development'):
  mysql2-0.4.2-x86 (mingw32) lib/mysql2/client.rb:87:in `connect'
  mysql2-0.4.2-x86 (mingw32) lib/mysql2/client.rb:87:in `initialize'
  activerecord (4.2.5) lib/active_record/connection_adapters/mysql2_adapter.rb:18:in `new'
  activerecord (4.2.5) lib/active_record/connection_adapters/mysql2_adapter.rb:18:in `mysql2_connection'
  activerecord (4.2.5) lib/active_record/connection_adapters/abstract/connection_pool.rb:438:in `new_connection'
  activerecord (4.2.5) lib/active_record/connection_adapters/abstract/connection_pool.rb:448:in `checkout_new_connection'
  activerecord (4.2.5) lib/active_record/connection_adapters/abstract/connection_pool.rb:422:in `acquire_connection'
  activerecord (4.2.5) lib/active_record/connection_adapters/abstract/connection_pool.rb:349:in `block in checkout'
  C:/RailsInstaller/Ruby2.1.0/lib/ruby/2.1.0/monitor.rb:211:in `mon_synchronize'
  activerecord (4.2.5) lib/active_record/connection_adapters/abstract/connection_pool.rb:348:in `checkout'
  activerecord (4.2.5) lib/active_record/connection_adapters/abstract/connection_pool.rb:263:in `block in connection'
  C:/RailsInstaller/Ruby2.1.0/lib/ruby/2.1.0/monitor.rb:211:in `mon_synchronize'
  activerecord (4.2.5) lib/active_record/connection_adapters/abstract/connection_pool.rb:262:in `connection'
  activerecord (4.2.5) lib/active_record/connection_adapters/abstract/connection_pool.rb:571:in `retrieve_connection'
  activerecord (4.2.5) lib/active_record/connection_handling.rb:113:in `retrieve_connection'
  activerecord (4.2.5) lib/active_record/connection_handling.rb:87:in `connection'
  activerecord (4.2.5) lib/active_record/migration.rb:383:in `connection'
  activerecord (4.2.5) lib/active_record/migration.rb:370:in `call'
  actionpack (4.2.5) lib/action_dispatch/middleware/callbacks.rb:29:in `block in call'
  activesupport (4.2.5) lib/active_support/callbacks.rb:88:in `__run_callbacks__'
  activesupport (4.2.5) lib/active_support/callbacks.rb:778:in `_run_call_callbacks'
  activesupport (4.2.5) lib/active_support/callbacks.rb:81:in `run_callbacks'
  actionpack (4.2.5) lib/action_dispatch/middleware/callbacks.rb:27:in `call'
  actionpack (4.2.5) lib/action_dispatch/middleware/reloader.rb:73:in `call'
  actionpack (4.2.5) lib/action_dispatch/middleware/remote_ip.rb:78:in `call'
  actionpack (4.2.5) lib/action_dispatch/middleware/debug_exceptions.rb:17:in `call'
  actionpack (4.2.5) lib/action_dispatch/middleware/show_exceptions.rb:30:in `call'
  railties (4.2.5) lib/rails/rack/logger.rb:38:in `call_app'
  railties (4.2.5) lib/rails/rack/logger.rb:20:in `block in call'
  activesupport (4.2.5) lib/active_support/tagged_logging.rb:68:in `block in tagged'
  activesupport (4.2.5) lib/active_support/tagged_logging.rb:26:in `tagged'
  activesupport (4.2.5) lib/active_support/tagged_logging.rb:68:in `tagged'
  railties (4.2.5) lib/rails/rack/logger.rb:20:in `call'
  actionpack (4.2.5) lib/action_dispatch/middleware/request_id.rb:21:in `call'
  rack (1.6.4) lib/rack/methodoverride.rb:22:in `call'
  rack (1.6.4) lib/rack/runtime.rb:18:in `call'
  activesupport (4.2.5) lib/active_support/cache/strategy/local_cache_middleware.rb:28:in `call'
  rack (1.6.4) lib/rack/lock.rb:17:in `call'
  actionpack (4.2.5) lib/action_dispatch/middleware/static.rb:116:in `call'
  rack (1.6.4) lib/rack/sendfile.rb:113:in `call'
  railties (4.2.5) lib/rails/engine.rb:518:in `call'
  railties (4.2.5) lib/rails/application.rb:165:in `call'
  rack (1.6.4) lib/rack/lock.rb:17:in `call'
  rack (1.6.4) lib/rack/content_length.rb:15:in `call'
  rack (1.6.4) lib/rack/handler/webrick.rb:88:in `service'
  C:/RailsInstaller/Ruby2.1.0/lib/ruby/2.1.0/webrick/httpserver.rb:138:in `service'
  C:/RailsInstaller/Ruby2.1.0/lib/ruby/2.1.0/webrick/httpserver.rb:94:in `run'
  C:/RailsInstaller/Ruby2.1.0/lib/ruby/2.1.0/webrick/server.rb:295:in `block in start_thread'


  Rendered C:/RailsInstaller/Ruby2.1.0/lib/ruby/gems/2.1.0/gems/actionpack-4.2.5/lib/action_dispatch/middleware/templates/rescues/_source.erb (0.0ms)
  Rendered C:/RailsInstaller/Ruby2.1.0/lib/ruby/gems/2.1.0/gems/actionpack-4.2.5/lib/action_dispatch/middleware/templates/rescues/_trace.html.erb (2.0ms)
  Rendered C:/RailsInstaller/Ruby2.1.0/lib/ruby/gems/2.1.0/gems/actionpack-4.2.5/lib/action_dispatch/middleware/templates/rescues/_request_and_response.html.erb (1.0ms)
  Rendered C:/RailsInstaller/Ruby2.1.0/lib/ruby/gems/2.1.0/gems/actionpack-4.2.5/lib/action_dispatch/middleware/templates/rescues/diagnostics.html.erb within rescues/layout (53.0ms)


Started GET "/" for ::1 at 2016-01-20 13:19:45 -0800
Processing by Rails::WelcomeController#index as HTML
  Rendered C:/RailsInstaller/Ruby2.1.0/lib/ruby/gems/2.1.0/gems/railties-4.2.5/lib/rails/templates/rails/welcome/index.html.erb (0.0ms)
Completed 200 OK in 5ms (Views: 5.0ms | ActiveRecord: 0.0ms)


Started GET "/login" for ::1 at 2016-01-20 13:19:55 -0800
Processing by Users::SessionsController#new as HTML
Completed 500 Internal Server Error in 34ms (ActiveRecord: 8.0ms)

ActiveRecord::StatementInvalid (Mysql2::Error: Table 'forge_development.forgecms_users' doesn't exist: SHOW FULL FIELDS FROM `forgecms_users`):
  mysql2-0.4.2-x86 (mingw32) lib/mysql2/client.rb:107:in `_query'
  mysql2-0.4.2-x86 (mingw32) lib/mysql2/client.rb:107:in `block in query'
  mysql2-0.4.2-x86 (mingw32) lib/mysql2/client.rb:106:in `handle_interrupt'
  mysql2-0.4.2-x86 (mingw32) lib/mysql2/client.rb:106:in `query'
  activerecord (4.2.5) lib/active_record/connection_adapters/abstract_mysql_adapter.rb:305:in `block in execute'
  activerecord (4.2.5) lib/active_record/connection_adapters/abstract_adapter.rb:472:in `block in log'
  activesupport (4.2.5) lib/active_support/notifications/instrumenter.rb:20:in `instrument'
  activerecord (4.2.5) lib/active_record/connection_adapters/abstract_adapter.rb:466:in `log'
  activerecord (4.2.5) lib/active_record/connection_adapters/abstract_mysql_adapter.rb:305:in `execute'
  activerecord (4.2.5) lib/active_record/connection_adapters/mysql2_adapter.rb:231:in `execute'
  activerecord (4.2.5) lib/active_record/connection_adapters/abstract_mysql_adapter.rb:312:in `execute_and_free'
  activerecord (4.2.5) lib/active_record/connection_adapters/abstract_mysql_adapter.rb:457:in `columns'
  activerecord (4.2.5) lib/active_record/connection_adapters/schema_cache.rb:43:in `columns'
  activerecord (4.2.5) lib/active_record/attributes.rb:93:in `columns'
  activerecord (4.2.5) lib/active_record/attributes.rb:98:in `columns_hash'
  activerecord (4.2.5) lib/active_record/inheritance.rb:205:in `subclass_from_attributes?'
  activerecord (4.2.5) lib/active_record/inheritance.rb:54:in `new'
  devise (3.5.3) app/controllers/devise/sessions_controller.rb:9:in `new'
  actionpack (4.2.5) lib/action_controller/metal/implicit_render.rb:4:in `send_action'
  actionpack (4.2.5) lib/abstract_controller/base.rb:198:in `process_action'
  actionpack (4.2.5) lib/action_controller/metal/rendering.rb:10:in `process_action'
  actionpack (4.2.5) lib/abstract_controller/callbacks.rb:20:in `block in process_action'
  activesupport (4.2.5) lib/active_support/callbacks.rb:117:in `call'
  activesupport (4.2.5) lib/active_support/callbacks.rb:117:in `call'
  activesupport (4.2.5) lib/active_support/callbacks.rb:555:in `block (2 levels) in compile'
  activesupport (4.2.5) lib/active_support/callbacks.rb:505:in `call'
  activesupport (4.2.5) lib/active_support/callbacks.rb:505:in `call'
  activesupport (4.2.5) lib/active_support/callbacks.rb:92:in `__run_callbacks__'
  activesupport (4.2.5) lib/active_support/callbacks.rb:778:in `_run_process_action_callbacks'
  activesupport (4.2.5) lib/active_support/callbacks.rb:81:in `run_callbacks'
  actionpack (4.2.5) lib/abstract_controller/callbacks.rb:19:in `process_action'
  actionpack (4.2.5) lib/action_controller/metal/rescue.rb:29:in `process_action'
  actionpack (4.2.5) lib/action_controller/metal/instrumentation.rb:32:in `block in process_action'
  activesupport (4.2.5) lib/active_support/notifications.rb:164:in `block in instrument'
  activesupport (4.2.5) lib/active_support/notifications/instrumenter.rb:20:in `instrument'
  activesupport (4.2.5) lib/active_support/notifications.rb:164:in `instrument'
  actionpack (4.2.5) lib/action_controller/metal/instrumentation.rb:30:in `process_action'
  actionpack (4.2.5) lib/action_controller/metal/params_wrapper.rb:250:in `process_action'
  activerecord (4.2.5) lib/active_record/railties/controller_runtime.rb:18:in `process_action'
  actionpack (4.2.5) lib/abstract_controller/base.rb:137:in `process'
  actionview (4.2.5) lib/action_view/rendering.rb:30:in `process'
  actionpack (4.2.5) lib/action_controller/metal.rb:196:in `dispatch'
  actionpack (4.2.5) lib/action_controller/metal/rack_delegation.rb:13:in `dispatch'
  actionpack (4.2.5) lib/action_controller/metal.rb:237:in `block in action'
  actionpack (4.2.5) lib/action_dispatch/routing/route_set.rb:76:in `call'
  actionpack (4.2.5) lib/action_dispatch/routing/route_set.rb:76:in `dispatch'
  actionpack (4.2.5) lib/action_dispatch/routing/route_set.rb:45:in `serve'
  actionpack (4.2.5) lib/action_dispatch/routing/mapper.rb:49:in `serve'
  actionpack (4.2.5) lib/action_dispatch/journey/router.rb:43:in `block in serve'
  actionpack (4.2.5) lib/action_dispatch/journey/router.rb:30:in `each'
  actionpack (4.2.5) lib/action_dispatch/journey/router.rb:30:in `serve'
  actionpack (4.2.5) lib/action_dispatch/routing/route_set.rb:817:in `call'
  railties (4.2.5) lib/rails/engine.rb:518:in `call'
  railties (4.2.5) lib/rails/railtie.rb:194:in `public_send'
  railties (4.2.5) lib/rails/railtie.rb:194:in `method_missing'
  actionpack (4.2.5) lib/action_dispatch/routing/mapper.rb:51:in `serve'
  actionpack (4.2.5) lib/action_dispatch/journey/router.rb:43:in `block in serve'
  actionpack (4.2.5) lib/action_dispatch/journey/router.rb:30:in `each'
  actionpack (4.2.5) lib/action_dispatch/journey/router.rb:30:in `serve'
  actionpack (4.2.5) lib/action_dispatch/routing/route_set.rb:817:in `call'
  warden (1.2.4) lib/warden/manager.rb:35:in `block in call'
  warden (1.2.4) lib/warden/manager.rb:34:in `catch'
  warden (1.2.4) lib/warden/manager.rb:34:in `call'
  rack (1.6.4) lib/rack/etag.rb:24:in `call'
  rack (1.6.4) lib/rack/conditionalget.rb:25:in `call'
  rack (1.6.4) lib/rack/head.rb:13:in `call'
  actionpack (4.2.5) lib/action_dispatch/middleware/params_parser.rb:27:in `call'
  actionpack (4.2.5) lib/action_dispatch/middleware/flash.rb:260:in `call'
  rack (1.6.4) lib/rack/session/abstract/id.rb:225:in `context'
  rack (1.6.4) lib/rack/session/abstract/id.rb:220:in `call'
  actionpack (4.2.5) lib/action_dispatch/middleware/cookies.rb:560:in `call'
  activerecord (4.2.5) lib/active_record/query_cache.rb:36:in `call'
  activerecord (4.2.5) lib/active_record/connection_adapters/abstract/connection_pool.rb:653:in `call'
  activerecord (4.2.5) lib/active_record/migration.rb:377:in `call'
  actionpack (4.2.5) lib/action_dispatch/middleware/callbacks.rb:29:in `block in call'
  activesupport (4.2.5) lib/active_support/callbacks.rb:88:in `__run_callbacks__'
  activesupport (4.2.5) lib/active_support/callbacks.rb:778:in `_run_call_callbacks'
  activesupport (4.2.5) lib/active_support/callbacks.rb:81:in `run_callbacks'
  actionpack (4.2.5) lib/action_dispatch/middleware/callbacks.rb:27:in `call'
  actionpack (4.2.5) lib/action_dispatch/middleware/reloader.rb:73:in `call'
  actionpack (4.2.5) lib/action_dispatch/middleware/remote_ip.rb:78:in `call'
  actionpack (4.2.5) lib/action_dispatch/middleware/debug_exceptions.rb:17:in `call'
  actionpack (4.2.5) lib/action_dispatch/middleware/show_exceptions.rb:30:in `call'
  railties (4.2.5) lib/rails/rack/logger.rb:38:in `call_app'
  railties (4.2.5) lib/rails/rack/logger.rb:20:in `block in call'
  activesupport (4.2.5) lib/active_support/tagged_logging.rb:68:in `block in tagged'
  activesupport (4.2.5) lib/active_support/tagged_logging.rb:26:in `tagged'
  activesupport (4.2.5) lib/active_support/tagged_logging.rb:68:in `tagged'
  railties (4.2.5) lib/rails/rack/logger.rb:20:in `call'
  actionpack (4.2.5) lib/action_dispatch/middleware/request_id.rb:21:in `call'
  rack (1.6.4) lib/rack/methodoverride.rb:22:in `call'
  rack (1.6.4) lib/rack/runtime.rb:18:in `call'
  activesupport (4.2.5) lib/active_support/cache/strategy/local_cache_middleware.rb:28:in `call'
  rack (1.6.4) lib/rack/lock.rb:17:in `call'
  actionpack (4.2.5) lib/action_dispatch/middleware/static.rb:116:in `call'
  rack (1.6.4) lib/rack/sendfile.rb:113:in `call'
  railties (4.2.5) lib/rails/engine.rb:518:in `call'
  railties (4.2.5) lib/rails/application.rb:165:in `call'
  rack (1.6.4) lib/rack/lock.rb:17:in `call'
  rack (1.6.4) lib/rack/content_length.rb:15:in `call'
  rack (1.6.4) lib/rack/handler/webrick.rb:88:in `service'
  C:/RailsInstaller/Ruby2.1.0/lib/ruby/2.1.0/webrick/httpserver.rb:138:in `service'
  C:/RailsInstaller/Ruby2.1.0/lib/ruby/2.1.0/webrick/httpserver.rb:94:in `run'
  C:/RailsInstaller/Ruby2.1.0/lib/ruby/2.1.0/webrick/server.rb:295:in `block in start_thread'


  Rendered C:/RailsInstaller/Ruby2.1.0/lib/ruby/gems/2.1.0/gems/actionpack-4.2.5/lib/action_dispatch/middleware/templates/rescues/_source.erb (1.0ms)
  Rendered C:/RailsInstaller/Ruby2.1.0/lib/ruby/gems/2.1.0/gems/actionpack-4.2.5/lib/action_dispatch/middleware/templates/rescues/_trace.html.erb (3.0ms)
  Rendered C:/RailsInstaller/Ruby2.1.0/lib/ruby/gems/2.1.0/gems/actionpack-4.2.5/lib/action_dispatch/middleware/templates/rescues/_request_and_response.html.erb (1.0ms)
  Rendered C:/RailsInstaller/Ruby2.1.0/lib/ruby/gems/2.1.0/gems/actionpack-4.2.5/lib/action_dispatch/middleware/templates/rescues/diagnostics.html.erb within rescues/layout (60.0ms)
  [1m[36m (20.0ms)[0m  [1mCREATE TABLE `schema_migrations` (`version` varchar(255) NOT NULL) ENGINE=InnoDB[0m
  [1m[35m (40.0ms)[0m  CREATE UNIQUE INDEX `unique_schema_migrations`  ON `schema_migrations` (`version`) 
  [1m[36mActiveRecord::SchemaMigration Load (0.0ms)[0m  [1mSELECT `schema_migrations`.* FROM `schema_migrations`[0m


Started GET "/login" for ::1 at 2016-01-20 13:21:43 -0800
Processing by Users::SessionsController#new as HTML
Completed 500 Internal Server Error in 38ms (ActiveRecord: 8.0ms)

ActiveRecord::StatementInvalid (Mysql2::Error: Table 'forge_development.forgecms_users' doesn't exist: SHOW FULL FIELDS FROM `forgecms_users`):
  mysql2-0.4.2-x86 (mingw32) lib/mysql2/client.rb:107:in `_query'
  mysql2-0.4.2-x86 (mingw32) lib/mysql2/client.rb:107:in `block in query'
  mysql2-0.4.2-x86 (mingw32) lib/mysql2/client.rb:106:in `handle_interrupt'
  mysql2-0.4.2-x86 (mingw32) lib/mysql2/client.rb:106:in `query'
  activerecord (4.2.5) lib/active_record/connection_adapters/abstract_mysql_adapter.rb:305:in `block in execute'
  activerecord (4.2.5) lib/active_record/connection_adapters/abstract_adapter.rb:472:in `block in log'
  activesupport (4.2.5) lib/active_support/notifications/instrumenter.rb:20:in `instrument'
  activerecord (4.2.5) lib/active_record/connection_adapters/abstract_adapter.rb:466:in `log'
  activerecord (4.2.5) lib/active_record/connection_adapters/abstract_mysql_adapter.rb:305:in `execute'
  activerecord (4.2.5) lib/active_record/connection_adapters/mysql2_adapter.rb:231:in `execute'
  activerecord (4.2.5) lib/active_record/connection_adapters/abstract_mysql_adapter.rb:312:in `execute_and_free'
  activerecord (4.2.5) lib/active_record/connection_adapters/abstract_mysql_adapter.rb:457:in `columns'
  activerecord (4.2.5) lib/active_record/connection_adapters/schema_cache.rb:43:in `columns'
  activerecord (4.2.5) lib/active_record/attributes.rb:93:in `columns'
  activerecord (4.2.5) lib/active_record/attributes.rb:98:in `columns_hash'
  activerecord (4.2.5) lib/active_record/inheritance.rb:205:in `subclass_from_attributes?'
  activerecord (4.2.5) lib/active_record/inheritance.rb:54:in `new'
  devise (3.5.3) app/controllers/devise/sessions_controller.rb:9:in `new'
  actionpack (4.2.5) lib/action_controller/metal/implicit_render.rb:4:in `send_action'
  actionpack (4.2.5) lib/abstract_controller/base.rb:198:in `process_action'
  actionpack (4.2.5) lib/action_controller/metal/rendering.rb:10:in `process_action'
  actionpack (4.2.5) lib/abstract_controller/callbacks.rb:20:in `block in process_action'
  activesupport (4.2.5) lib/active_support/callbacks.rb:117:in `call'
  activesupport (4.2.5) lib/active_support/callbacks.rb:117:in `call'
  activesupport (4.2.5) lib/active_support/callbacks.rb:555:in `block (2 levels) in compile'
  activesupport (4.2.5) lib/active_support/callbacks.rb:505:in `call'
  activesupport (4.2.5) lib/active_support/callbacks.rb:505:in `call'
  activesupport (4.2.5) lib/active_support/callbacks.rb:92:in `__run_callbacks__'
  activesupport (4.2.5) lib/active_support/callbacks.rb:778:in `_run_process_action_callbacks'
  activesupport (4.2.5) lib/active_support/callbacks.rb:81:in `run_callbacks'
  actionpack (4.2.5) lib/abstract_controller/callbacks.rb:19:in `process_action'
  actionpack (4.2.5) lib/action_controller/metal/rescue.rb:29:in `process_action'
  actionpack (4.2.5) lib/action_controller/metal/instrumentation.rb:32:in `block in process_action'
  activesupport (4.2.5) lib/active_support/notifications.rb:164:in `block in instrument'
  activesupport (4.2.5) lib/active_support/notifications/instrumenter.rb:20:in `instrument'
  activesupport (4.2.5) lib/active_support/notifications.rb:164:in `instrument'
  actionpack (4.2.5) lib/action_controller/metal/instrumentation.rb:30:in `process_action'
  actionpack (4.2.5) lib/action_controller/metal/params_wrapper.rb:250:in `process_action'
  activerecord (4.2.5) lib/active_record/railties/controller_runtime.rb:18:in `process_action'
  actionpack (4.2.5) lib/abstract_controller/base.rb:137:in `process'
  actionview (4.2.5) lib/action_view/rendering.rb:30:in `process'
  actionpack (4.2.5) lib/action_controller/metal.rb:196:in `dispatch'
  actionpack (4.2.5) lib/action_controller/metal/rack_delegation.rb:13:in `dispatch'
  actionpack (4.2.5) lib/action_controller/metal.rb:237:in `block in action'
  actionpack (4.2.5) lib/action_dispatch/routing/route_set.rb:76:in `call'
  actionpack (4.2.5) lib/action_dispatch/routing/route_set.rb:76:in `dispatch'
  actionpack (4.2.5) lib/action_dispatch/routing/route_set.rb:45:in `serve'
  actionpack (4.2.5) lib/action_dispatch/routing/mapper.rb:49:in `serve'
  actionpack (4.2.5) lib/action_dispatch/journey/router.rb:43:in `block in serve'
  actionpack (4.2.5) lib/action_dispatch/journey/router.rb:30:in `each'
  actionpack (4.2.5) lib/action_dispatch/journey/router.rb:30:in `serve'
  actionpack (4.2.5) lib/action_dispatch/routing/route_set.rb:817:in `call'
  railties (4.2.5) lib/rails/engine.rb:518:in `call'
  railties (4.2.5) lib/rails/railtie.rb:194:in `public_send'
  railties (4.2.5) lib/rails/railtie.rb:194:in `method_missing'
  actionpack (4.2.5) lib/action_dispatch/routing/mapper.rb:51:in `serve'
  actionpack (4.2.5) lib/action_dispatch/journey/router.rb:43:in `block in serve'
  actionpack (4.2.5) lib/action_dispatch/journey/router.rb:30:in `each'
  actionpack (4.2.5) lib/action_dispatch/journey/router.rb:30:in `serve'
  actionpack (4.2.5) lib/action_dispatch/routing/route_set.rb:817:in `call'
  warden (1.2.4) lib/warden/manager.rb:35:in `block in call'
  warden (1.2.4) lib/warden/manager.rb:34:in `catch'
  warden (1.2.4) lib/warden/manager.rb:34:in `call'
  rack (1.6.4) lib/rack/etag.rb:24:in `call'
  rack (1.6.4) lib/rack/conditionalget.rb:25:in `call'
  rack (1.6.4) lib/rack/head.rb:13:in `call'
  actionpack (4.2.5) lib/action_dispatch/middleware/params_parser.rb:27:in `call'
  actionpack (4.2.5) lib/action_dispatch/middleware/flash.rb:260:in `call'
  rack (1.6.4) lib/rack/session/abstract/id.rb:225:in `context'
  rack (1.6.4) lib/rack/session/abstract/id.rb:220:in `call'
  actionpack (4.2.5) lib/action_dispatch/middleware/cookies.rb:560:in `call'
  activerecord (4.2.5) lib/active_record/query_cache.rb:36:in `call'
  activerecord (4.2.5) lib/active_record/connection_adapters/abstract/connection_pool.rb:653:in `call'
  activerecord (4.2.5) lib/active_record/migration.rb:377:in `call'
  actionpack (4.2.5) lib/action_dispatch/middleware/callbacks.rb:29:in `block in call'
  activesupport (4.2.5) lib/active_support/callbacks.rb:88:in `__run_callbacks__'
  activesupport (4.2.5) lib/active_support/callbacks.rb:778:in `_run_call_callbacks'
  activesupport (4.2.5) lib/active_support/callbacks.rb:81:in `run_callbacks'
  actionpack (4.2.5) lib/action_dispatch/middleware/callbacks.rb:27:in `call'
  actionpack (4.2.5) lib/action_dispatch/middleware/reloader.rb:73:in `call'
  actionpack (4.2.5) lib/action_dispatch/middleware/remote_ip.rb:78:in `call'
  actionpack (4.2.5) lib/action_dispatch/middleware/debug_exceptions.rb:17:in `call'
  actionpack (4.2.5) lib/action_dispatch/middleware/show_exceptions.rb:30:in `call'
  railties (4.2.5) lib/rails/rack/logger.rb:38:in `call_app'
  railties (4.2.5) lib/rails/rack/logger.rb:20:in `block in call'
  activesupport (4.2.5) lib/active_support/tagged_logging.rb:68:in `block in tagged'
  activesupport (4.2.5) lib/active_support/tagged_logging.rb:26:in `tagged'
  activesupport (4.2.5) lib/active_support/tagged_logging.rb:68:in `tagged'
  railties (4.2.5) lib/rails/rack/logger.rb:20:in `call'
  actionpack (4.2.5) lib/action_dispatch/middleware/request_id.rb:21:in `call'
  rack (1.6.4) lib/rack/methodoverride.rb:22:in `call'
  rack (1.6.4) lib/rack/runtime.rb:18:in `call'
  activesupport (4.2.5) lib/active_support/cache/strategy/local_cache_middleware.rb:28:in `call'
  rack (1.6.4) lib/rack/lock.rb:17:in `call'
  actionpack (4.2.5) lib/action_dispatch/middleware/static.rb:116:in `call'
  rack (1.6.4) lib/rack/sendfile.rb:113:in `call'
  railties (4.2.5) lib/rails/engine.rb:518:in `call'
  railties (4.2.5) lib/rails/application.rb:165:in `call'
  rack (1.6.4) lib/rack/lock.rb:17:in `call'
  rack (1.6.4) lib/rack/content_length.rb:15:in `call'
  rack (1.6.4) lib/rack/handler/webrick.rb:88:in `service'
  C:/RailsInstaller/Ruby2.1.0/lib/ruby/2.1.0/webrick/httpserver.rb:138:in `service'
  C:/RailsInstaller/Ruby2.1.0/lib/ruby/2.1.0/webrick/httpserver.rb:94:in `run'
  C:/RailsInstaller/Ruby2.1.0/lib/ruby/2.1.0/webrick/server.rb:295:in `block in start_thread'


  Rendered C:/RailsInstaller/Ruby2.1.0/lib/ruby/gems/2.1.0/gems/actionpack-4.2.5/lib/action_dispatch/middleware/templates/rescues/_source.erb (1.0ms)
  Rendered C:/RailsInstaller/Ruby2.1.0/lib/ruby/gems/2.1.0/gems/actionpack-4.2.5/lib/action_dispatch/middleware/templates/rescues/_trace.html.erb (3.0ms)
  Rendered C:/RailsInstaller/Ruby2.1.0/lib/ruby/gems/2.1.0/gems/actionpack-4.2.5/lib/action_dispatch/middleware/templates/rescues/_request_and_response.html.erb (1.0ms)
  Rendered C:/RailsInstaller/Ruby2.1.0/lib/ruby/gems/2.1.0/gems/actionpack-4.2.5/lib/action_dispatch/middleware/templates/rescues/diagnostics.html.erb within rescues/layout (53.0ms)
  [1m[36mActiveRecord::SchemaMigration Load (0.0ms)[0m  [1mSELECT `schema_migrations`.* FROM `schema_migrations`[0m
  [1m[36mActiveRecord::SchemaMigration Load (0.0ms)[0m  [1mSELECT `schema_migrations`.* FROM `schema_migrations`[0m
  [1m[36mActiveRecord::SchemaMigration Load (0.0ms)[0m  [1mSELECT `schema_migrations`.* FROM `schema_migrations`[0m
  [1m[36m (15.0ms)[0m  [1mDROP DATABASE IF EXISTS `forge_development`[0m
  [1m[35m (0.0ms)[0m  CREATE DATABASE `forge_development` DEFAULT CHARACTER SET `utf8` COLLATE `utf8_unicode_ci`
  [1m[36m (0.0ms)[0m  [1mCREATE DATABASE `forge_test` DEFAULT CHARACTER SET `utf8` COLLATE `utf8_unicode_ci`[0m
  [1m[35m (50.0ms)[0m  CREATE TABLE `schema_migrations` (`version` varchar(255) NOT NULL) ENGINE=InnoDB
  [1m[36m (40.0ms)[0m  [1mCREATE UNIQUE INDEX `unique_schema_migrations`  ON `schema_migrations` (`version`) [0m
  [1m[35m (0.0ms)[0m  SELECT version FROM `schema_migrations`
  [1m[36m (20.0ms)[0m  [1mINSERT INTO `schema_migrations` (version) VALUES ('0')[0m
  [1m[36m (20.0ms)[0m  [1mDROP DATABASE IF EXISTS `forge_development`[0m
  [1m[35m (0.0ms)[0m  DROP DATABASE IF EXISTS `forge_test`
  [1m[36m (4.0ms)[0m  [1mCREATE DATABASE `forge_development` DEFAULT CHARACTER SET `utf8` COLLATE `utf8_unicode_ci`[0m
  [1m[35m (0.0ms)[0m  CREATE DATABASE `forge_test` DEFAULT CHARACTER SET `utf8` COLLATE `utf8_unicode_ci`
  [1m[36m (21.0ms)[0m  [1mCREATE TABLE `schema_migrations` (`version` varchar(255) NOT NULL) ENGINE=InnoDB[0m
  [1m[35m (32.0ms)[0m  CREATE UNIQUE INDEX `unique_schema_migrations`  ON `schema_migrations` (`version`) 
  [1m[36m (1.0ms)[0m  [1mSELECT version FROM `schema_migrations`[0m
  [1m[35m (29.0ms)[0m  INSERT INTO `schema_migrations` (version) VALUES ('0')
  [1m[36m (20.0ms)[0m  [1mCREATE TABLE `schema_migrations` (`version` varchar(255) NOT NULL) ENGINE=InnoDB[0m
  [1m[35m (40.0ms)[0m  CREATE UNIQUE INDEX `unique_schema_migrations`  ON `schema_migrations` (`version`) 
  [1m[36m (0.0ms)[0m  [1mSELECT version FROM `schema_migrations`[0m
  [1m[35m (10.0ms)[0m  INSERT INTO `schema_migrations` (version) VALUES ('0')
  [1m[36mActiveRecord::SchemaMigration Load (0.0ms)[0m  [1mSELECT `schema_migrations`.* FROM `schema_migrations`[0m
  [1m[36mActiveRecord::SchemaMigration Load (0.0ms)[0m  [1mSELECT `schema_migrations`.* FROM `schema_migrations`[0m
  [1m[36m (0.0ms)[0m  [1mSELECT `schema_migrations`.`version` FROM `schema_migrations`[0m
  [1m[36m (0.0ms)[0m  [1mSELECT `schema_migrations`.`version` FROM `schema_migrations`[0m
  [1m[36m (26.0ms)[0m  [1mDROP DATABASE IF EXISTS `forge_test`[0m
  [1m[35m (20.0ms)[0m  CREATE DATABASE `forge_test` DEFAULT CHARACTER SET `utf8` COLLATE `utf8_unicode_ci`
  [1m[36m (36.0ms)[0m  [1mCREATE TABLE `forgecms_categories` (`id` int(11) auto_increment PRIMARY KEY, `post_id` int(11), `user_id` int(11), `body` varchar(255), `created_at` datetime NOT NULL, `updated_at` datetime NOT NULL) ENGINE=InnoDB[0m
  [1m[35m (20.0ms)[0m  CREATE TABLE `forgecms_comments` (`id` int(11) auto_increment PRIMARY KEY, `user_id` int(11), `body` varchar(255), `created_at` datetime NOT NULL, `updated_at` datetime NOT NULL) ENGINE=InnoDB
  [1m[36m (20.0ms)[0m  [1mCREATE TABLE `forgecms_post_revisions` (`id` int(11) auto_increment PRIMARY KEY, `post_id` int(11), `title` varchar(255), `body` text, `created_at` datetime NOT NULL) ENGINE=InnoDB[0m
  [1m[35m (20.0ms)[0m  CREATE TABLE `forgecms_posts` (`id` int(11) auto_increment PRIMARY KEY, `user_id` int(11), `category_id` int(11), `title` varchar(255), `body` text, `publish_date` date, `slug` varchar(255), `created_at` datetime NOT NULL, `updated_at` datetime NOT NULL, `post_id` int(11)) ENGINE=InnoDB
  [1m[36m (30.0ms)[0m  [1mCREATE  INDEX `index_forgecms_posts_on_post_id` USING btree ON `forgecms_posts` (`post_id`) [0m
  [1m[35m (20.0ms)[0m  CREATE TABLE `forgecms_settings` (`id` int(11) auto_increment PRIMARY KEY, `label` varchar(255), `value` varchar(255), `created_at` datetime NOT NULL, `updated_at` datetime NOT NULL) ENGINE=InnoDB
  [1m[36m (10.0ms)[0m  [1mCREATE TABLE `forgecms_tags` (`id` int(11) auto_increment PRIMARY KEY, `name` varchar(255), `created_at` datetime NOT NULL, `updated_at` datetime NOT NULL) ENGINE=InnoDB[0m
  [1m[35m (1.0ms)[0m  CREATE TABLE `forgecms_users` (`id` int(11) auto_increment PRIMARY KEY, `first_name` varchar(255) DEFAULT '' NOT NULL, `last_name` varchar(255) DEFAULT '' NOT NULL, `email` varchar(255) DEFAULT '' NOT NULL, `encrypted_password` varchar(255) DEFAULT '' NOT NULL, `reset_password_token` varchar(255), `reset_password_sent_at` datetime, `remember_created_at` datetime, `sign_in_count` int(11) DEFAULT 0 NOT NULL, `current_sign_in_at` datetime, `last_sign_in_at` datetime, `current_sign_in_ip` varchar(255), `last_sign_in_ip` varchar(255), `created_at` datetime NOT NULL, `updated_at` datetime NOT NULL) ENGINE=InnoDB
  [1m[36m (50.0ms)[0m  [1mCREATE UNIQUE INDEX `index_forgecms_users_on_email` USING btree ON `forgecms_users` (`email`) [0m
  [1m[35m (30.0ms)[0m  CREATE UNIQUE INDEX `index_forgecms_users_on_reset_password_token` USING btree ON `forgecms_users` (`reset_password_token`) 
  [1m[36m (10.0ms)[0m  [1mCREATE TABLE `schema_migrations` (`version` varchar(255) NOT NULL) ENGINE=InnoDB[0m
  [1m[35m (30.0ms)[0m  CREATE UNIQUE INDEX `unique_schema_migrations`  ON `schema_migrations` (`version`) 
  [1m[36m (0.0ms)[0m  [1mSELECT version FROM `schema_migrations`[0m
  [1m[35m (10.0ms)[0m  INSERT INTO `schema_migrations` (version) VALUES ('20160102064729')
  [1m[36m (10.0ms)[0m  [1mINSERT INTO `schema_migrations` (version) VALUES ('20151227223723')[0m
  [1m[35m (10.0ms)[0m  INSERT INTO `schema_migrations` (version) VALUES ('20151230063538')
  [1m[36m (10.0ms)[0m  [1mINSERT INTO `schema_migrations` (version) VALUES ('20151231070930')[0m
  [1m[35m (10.0ms)[0m  INSERT INTO `schema_migrations` (version) VALUES ('20151231071256')
  [1m[36m (10.0ms)[0m  [1mINSERT INTO `schema_migrations` (version) VALUES ('20160101200056')[0m
  [1m[35m (10.0ms)[0m  INSERT INTO `schema_migrations` (version) VALUES ('20160101212237')
  [1m[36m (80.0ms)[0m  [1mDROP DATABASE IF EXISTS `forge_test`[0m
  [1m[35m (0.0ms)[0m  CREATE DATABASE `forge_test` DEFAULT CHARACTER SET `utf8` COLLATE `utf8_unicode_ci`
  [1m[36m (20.0ms)[0m  [1mCREATE TABLE `forgecms_categories` (`id` int(11) auto_increment PRIMARY KEY, `post_id` int(11), `user_id` int(11), `body` varchar(255), `created_at` datetime NOT NULL, `updated_at` datetime NOT NULL) ENGINE=InnoDB[0m
  [1m[35m (20.0ms)[0m  CREATE TABLE `forgecms_comments` (`id` int(11) auto_increment PRIMARY KEY, `user_id` int(11), `body` varchar(255), `created_at` datetime NOT NULL, `updated_at` datetime NOT NULL) ENGINE=InnoDB
  [1m[36m (10.0ms)[0m  [1mCREATE TABLE `forgecms_post_revisions` (`id` int(11) auto_increment PRIMARY KEY, `post_id` int(11), `title` varchar(255), `body` text, `created_at` datetime NOT NULL) ENGINE=InnoDB[0m
  [1m[35m (20.0ms)[0m  CREATE TABLE `forgecms_posts` (`id` int(11) auto_increment PRIMARY KEY, `user_id` int(11), `category_id` int(11), `title` varchar(255), `body` text, `publish_date` date, `slug` varchar(255), `created_at` datetime NOT NULL, `updated_at` datetime NOT NULL, `post_id` int(11)) ENGINE=InnoDB
  [1m[36m (30.0ms)[0m  [1mCREATE  INDEX `index_forgecms_posts_on_post_id` USING btree ON `forgecms_posts` (`post_id`) [0m
  [1m[35m (20.0ms)[0m  CREATE TABLE `forgecms_settings` (`id` int(11) auto_increment PRIMARY KEY, `label` varchar(255), `value` varchar(255), `created_at` datetime NOT NULL, `updated_at` datetime NOT NULL) ENGINE=InnoDB
  [1m[36m (20.0ms)[0m  [1mCREATE TABLE `forgecms_tags` (`id` int(11) auto_increment PRIMARY KEY, `name` varchar(255), `created_at` datetime NOT NULL, `updated_at` datetime NOT NULL) ENGINE=InnoDB[0m
  [1m[35m (20.0ms)[0m  CREATE TABLE `forgecms_users` (`id` int(11) auto_increment PRIMARY KEY, `first_name` varchar(255) DEFAULT '' NOT NULL, `last_name` varchar(255) DEFAULT '' NOT NULL, `email` varchar(255) DEFAULT '' NOT NULL, `encrypted_password` varchar(255) DEFAULT '' NOT NULL, `reset_password_token` varchar(255), `reset_password_sent_at` datetime, `remember_created_at` datetime, `sign_in_count` int(11) DEFAULT 0 NOT NULL, `current_sign_in_at` datetime, `last_sign_in_at` datetime, `current_sign_in_ip` varchar(255), `last_sign_in_ip` varchar(255), `created_at` datetime NOT NULL, `updated_at` datetime NOT NULL) ENGINE=InnoDB
  [1m[36m (40.0ms)[0m  [1mCREATE UNIQUE INDEX `index_forgecms_users_on_email` USING btree ON `forgecms_users` (`email`) [0m
  [1m[35m (30.0ms)[0m  CREATE UNIQUE INDEX `index_forgecms_users_on_reset_password_token` USING btree ON `forgecms_users` (`reset_password_token`) 
  [1m[36m (20.0ms)[0m  [1mCREATE TABLE `schema_migrations` (`version` varchar(255) NOT NULL) ENGINE=InnoDB[0m
  [1m[35m (40.0ms)[0m  CREATE UNIQUE INDEX `unique_schema_migrations`  ON `schema_migrations` (`version`) 
  [1m[36m (0.0ms)[0m  [1mSELECT version FROM `schema_migrations`[0m
  [1m[35m (20.0ms)[0m  INSERT INTO `schema_migrations` (version) VALUES ('20160102064729')
  [1m[36m (10.0ms)[0m  [1mINSERT INTO `schema_migrations` (version) VALUES ('20151227223723')[0m
  [1m[35m (10.0ms)[0m  INSERT INTO `schema_migrations` (version) VALUES ('20151230063538')
  [1m[36m (10.0ms)[0m  [1mINSERT INTO `schema_migrations` (version) VALUES ('20151231070930')[0m
  [1m[35m (10.0ms)[0m  INSERT INTO `schema_migrations` (version) VALUES ('20151231071256')
  [1m[36m (10.0ms)[0m  [1mINSERT INTO `schema_migrations` (version) VALUES ('20160101200056')[0m
  [1m[35m (10.0ms)[0m  INSERT INTO `schema_migrations` (version) VALUES ('20160101212237')
